<?xml version="1.0" encoding="UTF-8"?>
<testng-results total="29" passed="26" failed="3" skipped="0">
  <reporter-output>
  </reporter-output>
  <suite started-at="2025-03-17T15:14:55Z" name="Suite" finished-at="2025-03-17T15:20:42Z" duration-ms="347034">
    <groups>
      <group name="cucumber">
        <method signature="AbstractTestNGCucumberTests.runScenario(io.cucumber.testng.PickleWrapper, io.cucumber.testng.FeatureWrapper)[pri:0, instance:TestRunner@6d4e5011]" name="runScenario" class="io.cucumber.testng.AbstractTestNGCucumberTests"/>
      </group> <!-- cucumber -->
    </groups>
    <test started-at="2025-03-17T15:14:55Z" name="Test" finished-at="2025-03-17T15:20:42Z" duration-ms="347034">
      <class name="TestRunner">
        <test-method is-config="true" signature="setUpClass()[pri:0, instance:TestRunner@6d4e5011]" started-at="2025-03-17T08:14:55Z" name="setUpClass" finished-at="2025-03-17T08:14:56Z" duration-ms="1011" status="PASS">
          <reporter-output>
          </reporter-output>
        </test-method> <!-- setUpClass -->
        <test-method is-config="true" signature="setup()[pri:0, instance:TestRunner@6d4e5011]" started-at="2025-03-17T08:14:56Z" name="setup" finished-at="2025-03-17T08:14:57Z" duration-ms="274" status="PASS">
          <reporter-output>
          </reporter-output>
        </test-method> <!-- setup -->
        <test-method signature="runScenario(io.cucumber.testng.PickleWrapper, io.cucumber.testng.FeatureWrapper)[pri:0, instance:TestRunner@6d4e5011]" started-at="2025-03-17T08:14:57Z" name="runScenario" description="Runs Cucumber Scenarios" data-provider="scenarios" finished-at="2025-03-17T08:15:10Z" duration-ms="13895" status="PASS">
          <params>
            <param index="0">
              <value>
                <![CDATA["Verify product details are displayed correctly"]]>
              </value>
            </param>
            <param index="1">
              <value>
                <![CDATA["Optional[Product Details Validation]"]]>
              </value>
            </param>
          </params>
          <reporter-output>
          </reporter-output>
        </test-method> <!-- runScenario -->
        <test-method signature="runScenario(io.cucumber.testng.PickleWrapper, io.cucumber.testng.FeatureWrapper)[pri:0, instance:TestRunner@6d4e5011]" started-at="2025-03-17T08:15:10Z" name="runScenario" description="Runs Cucumber Scenarios" data-provider="scenarios" finished-at="2025-03-17T08:15:22Z" duration-ms="11066" status="PASS">
          <params>
            <param index="0">
              <value>
                <![CDATA["Add product to cart from product details page"]]>
              </value>
            </param>
            <param index="1">
              <value>
                <![CDATA["Optional[Product Details Validation]"]]>
              </value>
            </param>
          </params>
          <reporter-output>
          </reporter-output>
        </test-method> <!-- runScenario -->
        <test-method signature="runScenario(io.cucumber.testng.PickleWrapper, io.cucumber.testng.FeatureWrapper)[pri:0, instance:TestRunner@6d4e5011]" started-at="2025-03-17T08:15:22Z" name="runScenario" description="Runs Cucumber Scenarios" data-provider="scenarios" finished-at="2025-03-17T08:15:42Z" duration-ms="20457" status="FAIL">
          <params>
            <param index="0">
              <value>
                <![CDATA["Add product to wishlist from product details page"]]>
              </value>
            </param>
            <param index="1">
              <value>
                <![CDATA["Optional[Product Details Validation]"]]>
              </value>
            </param>
          </params>
          <exception class="org.openqa.selenium.TimeoutException">
            <message>
              <![CDATA[Expected condition failed: waiting for element to be clickable: Proxy element for: DefaultElementLocator 'By.xpath: //input[@class='button-2 add-to-wishlist-button']' (tried for 10 second(s) with 500 milliseconds interval)]]>
            </message>
            <full-stacktrace>
              <![CDATA[org.openqa.selenium.TimeoutException: Expected condition failed: waiting for element to be clickable: Proxy element for: DefaultElementLocator 'By.xpath: //input[@class='button-2 add-to-wishlist-button']' (tried for 10 second(s) with 500 milliseconds interval)
	at org.openqa.selenium.support.ui.WebDriverWait.timeoutException(WebDriverWait.java:84)
	at org.openqa.selenium.support.ui.FluentWait.until(FluentWait.java:228)
	at pageObjects.ProductDetailsPage.addToWishlist(ProductDetailsPage.java:88)
	at stepdefinition.tc5_productdetails.the_user_clicks_on(tc5_productdetails.java:43)
	at ✽.The user clicks on "Add to Wishlist"(file:///C:/Users/Administrator/seleniumBDD/capstoneProject/src/test/resources/features/ProductDetails.feature:20)
Caused by: org.openqa.selenium.NoSuchElementException: no such element: Unable to locate element: {"method":"xpath","selector":"//input[@class='button-2 add-to-wishlist-button']"}
  (Session info: chrome=134.0.6998.89)
For documentation on this error, please visit: https://www.selenium.dev/documentation/webdriver/troubleshooting/errors#no-such-element-exception
Build info: version: '4.29.0', revision: '5fc1ec94cb'
System info: os.name: 'Windows 10', os.arch: 'amd64', os.version: '10.0', java.version: '21.0.6'
Driver info: org.openqa.selenium.chrome.ChromeDriver
Command: [5a90754bd8b619f1f4ee3464b421f90b, findElement {value=//input[@class='button-2 add-to-wishlist-button'], using=xpath}]
Capabilities {acceptInsecureCerts: false, browserName: chrome, browserVersion: 134.0.6998.89, chrome: {chromedriverVersion: 134.0.6998.88 (7e3d5c978c6d..., userDataDir: C:\Windows\SystemTemp\scope...}, fedcm:accounts: true, goog:chromeOptions: {debuggerAddress: localhost:52604}, networkConnectionEnabled: false, pageLoadStrategy: normal, platformName: windows, proxy: Proxy(), se:cdp: ws://localhost:52604/devtoo..., se:cdpVersion: 134.0.6998.89, setWindowRect: true, strictFileInteractability: false, timeouts: {implicit: 0, pageLoad: 300000, script: 30000}, unhandledPromptBehavior: dismiss and notify, webauthn:extension:credBlob: true, webauthn:extension:largeBlob: true, webauthn:extension:minPinLength: true, webauthn:extension:prf: true, webauthn:virtualAuthenticators: true}
Session ID: 5a90754bd8b619f1f4ee3464b421f90b
	at java.base/jdk.internal.reflect.DirectConstructorHandleAccessor.newInstance(DirectConstructorHandleAccessor.java:62)
	at java.base/java.lang.reflect.Constructor.newInstanceWithCaller(Constructor.java:502)
	at java.base/java.lang.reflect.Constructor.newInstance(Constructor.java:486)
	at org.openqa.selenium.remote.ErrorCodec.decode(ErrorCodec.java:167)
	at org.openqa.selenium.remote.codec.w3c.W3CHttpResponseCodec.decode(W3CHttpResponseCodec.java:138)
	at org.openqa.selenium.remote.codec.w3c.W3CHttpResponseCodec.decode(W3CHttpResponseCodec.java:50)
	at org.openqa.selenium.remote.HttpCommandExecutor.execute(HttpCommandExecutor.java:215)
	at org.openqa.selenium.remote.service.DriverCommandExecutor.invokeExecute(DriverCommandExecutor.java:216)
	at org.openqa.selenium.remote.service.DriverCommandExecutor.execute(DriverCommandExecutor.java:174)
	at org.openqa.selenium.remote.RemoteWebDriver.execute(RemoteWebDriver.java:545)
	at org.openqa.selenium.remote.ElementLocation$ElementFinder$2.findElement(ElementLocation.java:165)
	at org.openqa.selenium.remote.ElementLocation.findElement(ElementLocation.java:59)
	at org.openqa.selenium.remote.RemoteWebDriver.findElement(RemoteWebDriver.java:368)
	at org.openqa.selenium.remote.RemoteWebDriver.findElement(RemoteWebDriver.java:362)
	at org.openqa.selenium.support.pagefactory.DefaultElementLocator.findElement(DefaultElementLocator.java:68)
	at org.openqa.selenium.support.pagefactory.internal.LocatingElementHandler.invoke(LocatingElementHandler.java:38)
	at jdk.proxy2/jdk.proxy2.$Proxy24.isDisplayed(Unknown Source)
	at org.openqa.selenium.support.ui.ExpectedConditions.elementIfVisible(ExpectedConditions.java:304)
	at org.openqa.selenium.support.ui.ExpectedConditions$10.apply(ExpectedConditions.java:290)
	at org.openqa.selenium.support.ui.ExpectedConditions$10.apply(ExpectedConditions.java:287)
	at org.openqa.selenium.support.ui.ExpectedConditions$23.apply(ExpectedConditions.java:656)
	at org.openqa.selenium.support.ui.ExpectedConditions$23.apply(ExpectedConditions.java:652)
	at org.openqa.selenium.support.ui.FluentWait.until(FluentWait.java:203)
	at pageObjects.ProductDetailsPage.addToWishlist(ProductDetailsPage.java:88)
	at stepdefinition.tc5_productdetails.the_user_clicks_on(tc5_productdetails.java:43)
	at java.base/jdk.internal.reflect.DirectMethodHandleAccessor.invoke(DirectMethodHandleAccessor.java:103)
	at java.base/java.lang.reflect.Method.invoke(Method.java:580)
	at io.cucumber.java.Invoker.doInvoke(Invoker.java:66)
	at io.cucumber.java.Invoker.invoke(Invoker.java:24)
	at io.cucumber.java.AbstractGlueDefinition.invokeMethod(AbstractGlueDefinition.java:44)
	at io.cucumber.java.JavaStepDefinition.execute(JavaStepDefinition.java:29)
	at io.cucumber.core.runner.PickleStepDefinitionMatch.runStep(PickleStepDefinitionMatch.java:63)
	at io.cucumber.core.runner.TestStep.executeStep(TestStep.java:92)
	at io.cucumber.core.runner.TestStep.run(TestStep.java:63)
	at io.cucumber.core.runner.PickleStepTestStep.run(PickleStepTestStep.java:49)
	at io.cucumber.core.runner.TestCase.run(TestCase.java:98)
	at io.cucumber.core.runner.Runner.runPickle(Runner.java:71)
	at io.cucumber.testng.TestNGCucumberRunner.lambda$runScenario$0(TestNGCucumberRunner.java:115)
	at io.cucumber.core.runtime.CucumberExecutionContext.runTestCase(CucumberExecutionContext.java:131)
	at io.cucumber.testng.TestNGCucumberRunner.runScenario(TestNGCucumberRunner.java:112)
	at io.cucumber.testng.AbstractTestNGCucumberTests.runScenario(AbstractTestNGCucumberTests.java:31)
	at java.base/jdk.internal.reflect.DirectMethodHandleAccessor.invoke(DirectMethodHandleAccessor.java:103)
	at java.base/java.lang.reflect.Method.invoke(Method.java:580)
	at org.testng.internal.MethodInvocationHelper.invokeMethod(MethodInvocationHelper.java:80)
	at org.testng.internal.Invoker.invokeMethod(Invoker.java:714)
	at org.testng.internal.Invoker.invokeTestMethod(Invoker.java:901)
	at org.testng.internal.Invoker.invokeTestMethods(Invoker.java:1231)
	at org.testng.internal.TestMethodWorker.invokeTestMethods(TestMethodWorker.java:127)
	at org.testng.internal.TestMethodWorker.run(TestMethodWorker.java:111)
	at org.testng.TestRunner.privateRun(TestRunner.java:767)
	at org.testng.TestRunner.run(TestRunner.java:617)
	at org.testng.SuiteRunner.runTest(SuiteRunner.java:334)
	at org.testng.SuiteRunner.runSequentially(SuiteRunner.java:329)
	at org.testng.SuiteRunner.privateRun(SuiteRunner.java:291)
	at org.testng.SuiteRunner.run(SuiteRunner.java:240)
	at org.testng.SuiteRunnerWorker.runSuite(SuiteRunnerWorker.java:52)
	at org.testng.SuiteRunnerWorker.run(SuiteRunnerWorker.java:86)
	at org.testng.TestNG.runSuitesSequentially(TestNG.java:1198)
	at org.testng.TestNG.runSuitesLocally(TestNG.java:1123)
	at org.testng.TestNG.run(TestNG.java:1031)
	at org.apache.maven.surefire.testng.TestNGExecutor.run(TestNGExecutor.java:308)
	at org.apache.maven.surefire.testng.TestNGXmlTestSuite.execute(TestNGXmlTestSuite.java:71)
	at org.apache.maven.surefire.testng.TestNGProvider.invoke(TestNGProvider.java:113)
	at org.apache.maven.surefire.booter.ForkedBooter.runSuitesInProcess(ForkedBooter.java:385)
	at org.apache.maven.surefire.booter.ForkedBooter.execute(ForkedBooter.java:162)
	at org.apache.maven.surefire.booter.ForkedBooter.run(ForkedBooter.java:507)
	at org.apache.maven.surefire.booter.ForkedBooter.main(ForkedBooter.java:495)
]]>
            </full-stacktrace>
          </exception> <!-- org.openqa.selenium.TimeoutException -->
          <reporter-output>
          </reporter-output>
        </test-method> <!-- runScenario -->
        <test-method signature="runScenario(io.cucumber.testng.PickleWrapper, io.cucumber.testng.FeatureWrapper)[pri:0, instance:TestRunner@6d4e5011]" started-at="2025-03-17T08:15:42Z" name="runScenario" description="Runs Cucumber Scenarios" data-provider="scenarios" finished-at="2025-03-17T08:15:49Z" duration-ms="7360" status="PASS">
          <params>
            <param index="0">
              <value>
                <![CDATA["Verify elements on the home page after login"]]>
              </value>
            </param>
            <param index="1">
              <value>
                <![CDATA["Optional[Home Page Verification]"]]>
              </value>
            </param>
          </params>
          <reporter-output>
          </reporter-output>
        </test-method> <!-- runScenario -->
        <test-method signature="runScenario(io.cucumber.testng.PickleWrapper, io.cucumber.testng.FeatureWrapper)[pri:0, instance:TestRunner@6d4e5011]" started-at="2025-03-17T08:15:49Z" name="runScenario" description="Runs Cucumber Scenarios" data-provider="scenarios" finished-at="2025-03-17T08:16:01Z" duration-ms="11942" status="PASS">
          <params>
            <param index="0">
              <value>
                <![CDATA["Login with credentials from an external data source"]]>
              </value>
            </param>
            <param index="1">
              <value>
                <![CDATA["Optional[User Login]"]]>
              </value>
            </param>
          </params>
          <reporter-output>
          </reporter-output>
        </test-method> <!-- runScenario -->
        <test-method signature="runScenario(io.cucumber.testng.PickleWrapper, io.cucumber.testng.FeatureWrapper)[pri:0, instance:TestRunner@6d4e5011]" started-at="2025-03-17T08:16:01Z" name="runScenario" description="Runs Cucumber Scenarios" data-provider="scenarios" finished-at="2025-03-17T08:16:30Z" duration-ms="28742" status="PASS">
          <params>
            <param index="0">
              <value>
                <![CDATA["Order Placement with different payment methods"]]>
              </value>
            </param>
            <param index="1">
              <value>
                <![CDATA["Optional[Order Placement]"]]>
              </value>
            </param>
          </params>
          <reporter-output>
          </reporter-output>
        </test-method> <!-- runScenario -->
        <test-method signature="runScenario(io.cucumber.testng.PickleWrapper, io.cucumber.testng.FeatureWrapper)[pri:0, instance:TestRunner@6d4e5011]" started-at="2025-03-17T08:16:30Z" name="runScenario" description="Runs Cucumber Scenarios" data-provider="scenarios" finished-at="2025-03-17T08:16:56Z" duration-ms="25506" status="FAIL">
          <params>
            <param index="0">
              <value>
                <![CDATA["Order Placement with different payment methods"]]>
              </value>
            </param>
            <param index="1">
              <value>
                <![CDATA["Optional[Order Placement]"]]>
              </value>
            </param>
          </params>
          <exception class="org.openqa.selenium.TimeoutException">
            <message>
              <![CDATA[Expected condition failed: waiting for element to be clickable: Proxy element for: DefaultElementLocator 'By.id: shippingoption_0' (tried for 10 second(s) with 500 milliseconds interval)]]>
            </message>
            <full-stacktrace>
              <![CDATA[org.openqa.selenium.TimeoutException: Expected condition failed: waiting for element to be clickable: Proxy element for: DefaultElementLocator 'By.id: shippingoption_0' (tried for 10 second(s) with 500 milliseconds interval)
	at org.openqa.selenium.support.ui.WebDriverWait.timeoutException(WebDriverWait.java:84)
	at org.openqa.selenium.support.ui.FluentWait.until(FluentWait.java:228)
	at pageObjects.OrderPlacementPage.selectShippingMethod(OrderPlacementPage.java:115)
	at stepdefinition.tc7_orderplacement.user_selects_shipping_method(tc7_orderplacement.java:34)
	at ✽.The user selects shipping method "Ground"(file:///C:/Users/Administrator/seleniumBDD/capstoneProject/src/test/resources/features/orderPlacement.feature:15)
Caused by: org.openqa.selenium.NoSuchElementException: no such element: Unable to locate element: {"method":"css selector","selector":"#shippingoption_0"}
  (Session info: chrome=134.0.6998.89)
For documentation on this error, please visit: https://www.selenium.dev/documentation/webdriver/troubleshooting/errors#no-such-element-exception
Build info: version: '4.29.0', revision: '5fc1ec94cb'
System info: os.name: 'Windows 10', os.arch: 'amd64', os.version: '10.0', java.version: '21.0.6'
Driver info: org.openqa.selenium.chrome.ChromeDriver
Command: [8bffebb7184263a771ad71b2f37e3f40, findElement {value=shippingoption_0, using=id}]
Capabilities {acceptInsecureCerts: false, browserName: chrome, browserVersion: 134.0.6998.89, chrome: {chromedriverVersion: 134.0.6998.88 (7e3d5c978c6d..., userDataDir: C:\Windows\SystemTemp\scope...}, fedcm:accounts: true, goog:chromeOptions: {debuggerAddress: localhost:52740}, networkConnectionEnabled: false, pageLoadStrategy: normal, platformName: windows, proxy: Proxy(), se:cdp: ws://localhost:52740/devtoo..., se:cdpVersion: 134.0.6998.89, setWindowRect: true, strictFileInteractability: false, timeouts: {implicit: 0, pageLoad: 300000, script: 30000}, unhandledPromptBehavior: dismiss and notify, webauthn:extension:credBlob: true, webauthn:extension:largeBlob: true, webauthn:extension:minPinLength: true, webauthn:extension:prf: true, webauthn:virtualAuthenticators: true}
Session ID: 8bffebb7184263a771ad71b2f37e3f40
	at java.base/jdk.internal.reflect.DirectConstructorHandleAccessor.newInstance(DirectConstructorHandleAccessor.java:62)
	at java.base/java.lang.reflect.Constructor.newInstanceWithCaller(Constructor.java:502)
	at java.base/java.lang.reflect.Constructor.newInstance(Constructor.java:486)
	at org.openqa.selenium.remote.ErrorCodec.decode(ErrorCodec.java:167)
	at org.openqa.selenium.remote.codec.w3c.W3CHttpResponseCodec.decode(W3CHttpResponseCodec.java:138)
	at org.openqa.selenium.remote.codec.w3c.W3CHttpResponseCodec.decode(W3CHttpResponseCodec.java:50)
	at org.openqa.selenium.remote.HttpCommandExecutor.execute(HttpCommandExecutor.java:215)
	at org.openqa.selenium.remote.service.DriverCommandExecutor.invokeExecute(DriverCommandExecutor.java:216)
	at org.openqa.selenium.remote.service.DriverCommandExecutor.execute(DriverCommandExecutor.java:174)
	at org.openqa.selenium.remote.RemoteWebDriver.execute(RemoteWebDriver.java:545)
	at org.openqa.selenium.remote.ElementLocation$ElementFinder$2.findElement(ElementLocation.java:165)
	at org.openqa.selenium.remote.ElementLocation.findElement(ElementLocation.java:59)
	at org.openqa.selenium.remote.RemoteWebDriver.findElement(RemoteWebDriver.java:368)
	at org.openqa.selenium.remote.RemoteWebDriver.findElement(RemoteWebDriver.java:362)
	at org.openqa.selenium.support.pagefactory.DefaultElementLocator.findElement(DefaultElementLocator.java:68)
	at org.openqa.selenium.support.pagefactory.internal.LocatingElementHandler.invoke(LocatingElementHandler.java:38)
	at jdk.proxy2/jdk.proxy2.$Proxy24.isDisplayed(Unknown Source)
	at org.openqa.selenium.support.ui.ExpectedConditions.elementIfVisible(ExpectedConditions.java:304)
	at org.openqa.selenium.support.ui.ExpectedConditions$10.apply(ExpectedConditions.java:290)
	at org.openqa.selenium.support.ui.ExpectedConditions$10.apply(ExpectedConditions.java:287)
	at org.openqa.selenium.support.ui.ExpectedConditions$23.apply(ExpectedConditions.java:656)
	at org.openqa.selenium.support.ui.ExpectedConditions$23.apply(ExpectedConditions.java:652)
	at org.openqa.selenium.support.ui.FluentWait.until(FluentWait.java:203)
	at pageObjects.OrderPlacementPage.selectShippingMethod(OrderPlacementPage.java:115)
	at stepdefinition.tc7_orderplacement.user_selects_shipping_method(tc7_orderplacement.java:34)
	at java.base/jdk.internal.reflect.DirectMethodHandleAccessor.invoke(DirectMethodHandleAccessor.java:103)
	at java.base/java.lang.reflect.Method.invoke(Method.java:580)
	at io.cucumber.java.Invoker.doInvoke(Invoker.java:66)
	at io.cucumber.java.Invoker.invoke(Invoker.java:24)
	at io.cucumber.java.AbstractGlueDefinition.invokeMethod(AbstractGlueDefinition.java:44)
	at io.cucumber.java.JavaStepDefinition.execute(JavaStepDefinition.java:29)
	at io.cucumber.core.runner.PickleStepDefinitionMatch.runStep(PickleStepDefinitionMatch.java:63)
	at io.cucumber.core.runner.TestStep.executeStep(TestStep.java:92)
	at io.cucumber.core.runner.TestStep.run(TestStep.java:63)
	at io.cucumber.core.runner.PickleStepTestStep.run(PickleStepTestStep.java:49)
	at io.cucumber.core.runner.TestCase.run(TestCase.java:98)
	at io.cucumber.core.runner.Runner.runPickle(Runner.java:71)
	at io.cucumber.testng.TestNGCucumberRunner.lambda$runScenario$0(TestNGCucumberRunner.java:115)
	at io.cucumber.core.runtime.CucumberExecutionContext.runTestCase(CucumberExecutionContext.java:131)
	at io.cucumber.testng.TestNGCucumberRunner.runScenario(TestNGCucumberRunner.java:112)
	at io.cucumber.testng.AbstractTestNGCucumberTests.runScenario(AbstractTestNGCucumberTests.java:31)
	at java.base/jdk.internal.reflect.DirectMethodHandleAccessor.invoke(DirectMethodHandleAccessor.java:103)
	at java.base/java.lang.reflect.Method.invoke(Method.java:580)
	at org.testng.internal.MethodInvocationHelper.invokeMethod(MethodInvocationHelper.java:80)
	at org.testng.internal.Invoker.invokeMethod(Invoker.java:714)
	at org.testng.internal.Invoker.invokeTestMethod(Invoker.java:901)
	at org.testng.internal.Invoker.invokeTestMethods(Invoker.java:1231)
	at org.testng.internal.TestMethodWorker.invokeTestMethods(TestMethodWorker.java:127)
	at org.testng.internal.TestMethodWorker.run(TestMethodWorker.java:111)
	at org.testng.TestRunner.privateRun(TestRunner.java:767)
	at org.testng.TestRunner.run(TestRunner.java:617)
	at org.testng.SuiteRunner.runTest(SuiteRunner.java:334)
	at org.testng.SuiteRunner.runSequentially(SuiteRunner.java:329)
	at org.testng.SuiteRunner.privateRun(SuiteRunner.java:291)
	at org.testng.SuiteRunner.run(SuiteRunner.java:240)
	at org.testng.SuiteRunnerWorker.runSuite(SuiteRunnerWorker.java:52)
	at org.testng.SuiteRunnerWorker.run(SuiteRunnerWorker.java:86)
	at org.testng.TestNG.runSuitesSequentially(TestNG.java:1198)
	at org.testng.TestNG.runSuitesLocally(TestNG.java:1123)
	at org.testng.TestNG.run(TestNG.java:1031)
	at org.apache.maven.surefire.testng.TestNGExecutor.run(TestNGExecutor.java:308)
	at org.apache.maven.surefire.testng.TestNGXmlTestSuite.execute(TestNGXmlTestSuite.java:71)
	at org.apache.maven.surefire.testng.TestNGProvider.invoke(TestNGProvider.java:113)
	at org.apache.maven.surefire.booter.ForkedBooter.runSuitesInProcess(ForkedBooter.java:385)
	at org.apache.maven.surefire.booter.ForkedBooter.execute(ForkedBooter.java:162)
	at org.apache.maven.surefire.booter.ForkedBooter.run(ForkedBooter.java:507)
	at org.apache.maven.surefire.booter.ForkedBooter.main(ForkedBooter.java:495)
]]>
            </full-stacktrace>
          </exception> <!-- org.openqa.selenium.TimeoutException -->
          <reporter-output>
          </reporter-output>
        </test-method> <!-- runScenario -->
        <test-method signature="runScenario(io.cucumber.testng.PickleWrapper, io.cucumber.testng.FeatureWrapper)[pri:0, instance:TestRunner@6d4e5011]" started-at="2025-03-17T08:16:56Z" name="runScenario" description="Runs Cucumber Scenarios" data-provider="scenarios" finished-at="2025-03-17T08:17:24Z" duration-ms="28019" status="PASS">
          <params>
            <param index="0">
              <value>
                <![CDATA["Order Placement with different payment methods"]]>
              </value>
            </param>
            <param index="1">
              <value>
                <![CDATA["Optional[Order Placement]"]]>
              </value>
            </param>
          </params>
          <reporter-output>
          </reporter-output>
        </test-method> <!-- runScenario -->
        <test-method signature="runScenario(io.cucumber.testng.PickleWrapper, io.cucumber.testng.FeatureWrapper)[pri:0, instance:TestRunner@6d4e5011]" started-at="2025-03-17T08:17:24Z" name="runScenario" description="Runs Cucumber Scenarios" data-provider="scenarios" finished-at="2025-03-17T08:17:54Z" duration-ms="29922" status="FAIL">
          <params>
            <param index="0">
              <value>
                <![CDATA["Order Placement with different payment methods"]]>
              </value>
            </param>
            <param index="1">
              <value>
                <![CDATA["Optional[Order Placement]"]]>
              </value>
            </param>
          </params>
          <exception class="java.lang.AssertionError">
            <message>
              <![CDATA[Test Failed: Expected failure, but the order was processed successfully. expected [false] but found [true]]]>
            </message>
            <full-stacktrace>
              <![CDATA[java.lang.AssertionError: Test Failed: Expected failure, but the order was processed successfully. expected [false] but found [true]
	at org.testng.Assert.fail(Assert.java:94)
	at org.testng.Assert.failNotEquals(Assert.java:494)
	at org.testng.Assert.assertFalse(Assert.java:63)
	at stepdefinition.tc7_orderplacement.the_order_should_be(tc7_orderplacement.java:61)
	at ✽.The order should be "Failure"(file:///C:/Users/Administrator/seleniumBDD/capstoneProject/src/test/resources/features/orderPlacement.feature:18)
]]>
            </full-stacktrace>
          </exception> <!-- java.lang.AssertionError -->
          <reporter-output>
          </reporter-output>
        </test-method> <!-- runScenario -->
        <test-method signature="runScenario(io.cucumber.testng.PickleWrapper, io.cucumber.testng.FeatureWrapper)[pri:0, instance:TestRunner@6d4e5011]" started-at="2025-03-17T08:17:54Z" name="runScenario" description="Runs Cucumber Scenarios" data-provider="scenarios" finished-at="2025-03-17T08:18:01Z" duration-ms="7579" status="PASS">
          <params>
            <param index="0">
              <value>
                <![CDATA["User registers with various details"]]>
              </value>
            </param>
            <param index="1">
              <value>
                <![CDATA["Optional[User Registration on DemoWebShop]"]]>
              </value>
            </param>
          </params>
          <reporter-output>
          </reporter-output>
        </test-method> <!-- runScenario -->
        <test-method signature="runScenario(io.cucumber.testng.PickleWrapper, io.cucumber.testng.FeatureWrapper)[pri:0, instance:TestRunner@6d4e5011]" started-at="2025-03-17T08:18:01Z" name="runScenario" description="Runs Cucumber Scenarios" data-provider="scenarios" finished-at="2025-03-17T08:18:09Z" duration-ms="7490" status="PASS">
          <params>
            <param index="0">
              <value>
                <![CDATA["User registers with various details"]]>
              </value>
            </param>
            <param index="1">
              <value>
                <![CDATA["Optional[User Registration on DemoWebShop]"]]>
              </value>
            </param>
          </params>
          <reporter-output>
          </reporter-output>
        </test-method> <!-- runScenario -->
        <test-method signature="runScenario(io.cucumber.testng.PickleWrapper, io.cucumber.testng.FeatureWrapper)[pri:0, instance:TestRunner@6d4e5011]" started-at="2025-03-17T08:18:09Z" name="runScenario" description="Runs Cucumber Scenarios" data-provider="scenarios" finished-at="2025-03-17T08:18:17Z" duration-ms="7948" status="PASS">
          <params>
            <param index="0">
              <value>
                <![CDATA["User registers with various details"]]>
              </value>
            </param>
            <param index="1">
              <value>
                <![CDATA["Optional[User Registration on DemoWebShop]"]]>
              </value>
            </param>
          </params>
          <reporter-output>
          </reporter-output>
        </test-method> <!-- runScenario -->
        <test-method signature="runScenario(io.cucumber.testng.PickleWrapper, io.cucumber.testng.FeatureWrapper)[pri:0, instance:TestRunner@6d4e5011]" started-at="2025-03-17T08:18:17Z" name="runScenario" description="Runs Cucumber Scenarios" data-provider="scenarios" finished-at="2025-03-17T08:18:23Z" duration-ms="6514" status="PASS">
          <params>
            <param index="0">
              <value>
                <![CDATA["User registers with various details"]]>
              </value>
            </param>
            <param index="1">
              <value>
                <![CDATA["Optional[User Registration on DemoWebShop]"]]>
              </value>
            </param>
          </params>
          <reporter-output>
          </reporter-output>
        </test-method> <!-- runScenario -->
        <test-method signature="runScenario(io.cucumber.testng.PickleWrapper, io.cucumber.testng.FeatureWrapper)[pri:0, instance:TestRunner@6d4e5011]" started-at="2025-03-17T08:18:23Z" name="runScenario" description="Runs Cucumber Scenarios" data-provider="scenarios" finished-at="2025-03-17T08:18:30Z" duration-ms="7246" status="PASS">
          <params>
            <param index="0">
              <value>
                <![CDATA["User registers with various details"]]>
              </value>
            </param>
            <param index="1">
              <value>
                <![CDATA["Optional[User Registration on DemoWebShop]"]]>
              </value>
            </param>
          </params>
          <reporter-output>
          </reporter-output>
        </test-method> <!-- runScenario -->
        <test-method signature="runScenario(io.cucumber.testng.PickleWrapper, io.cucumber.testng.FeatureWrapper)[pri:0, instance:TestRunner@6d4e5011]" started-at="2025-03-17T08:18:30Z" name="runScenario" description="Runs Cucumber Scenarios" data-provider="scenarios" finished-at="2025-03-17T08:18:36Z" duration-ms="5828" status="PASS">
          <params>
            <param index="0">
              <value>
                <![CDATA["Search for a valid product"]]>
              </value>
            </param>
            <param index="1">
              <value>
                <![CDATA["Optional[Search and Filtering Products]"]]>
              </value>
            </param>
          </params>
          <reporter-output>
          </reporter-output>
        </test-method> <!-- runScenario -->
        <test-method signature="runScenario(io.cucumber.testng.PickleWrapper, io.cucumber.testng.FeatureWrapper)[pri:0, instance:TestRunner@6d4e5011]" started-at="2025-03-17T08:18:36Z" name="runScenario" description="Runs Cucumber Scenarios" data-provider="scenarios" finished-at="2025-03-17T08:18:43Z" duration-ms="6521" status="PASS">
          <params>
            <param index="0">
              <value>
                <![CDATA["Search for a valid product"]]>
              </value>
            </param>
            <param index="1">
              <value>
                <![CDATA["Optional[Search and Filtering Products]"]]>
              </value>
            </param>
          </params>
          <reporter-output>
          </reporter-output>
        </test-method> <!-- runScenario -->
        <test-method signature="runScenario(io.cucumber.testng.PickleWrapper, io.cucumber.testng.FeatureWrapper)[pri:0, instance:TestRunner@6d4e5011]" started-at="2025-03-17T08:18:43Z" name="runScenario" description="Runs Cucumber Scenarios" data-provider="scenarios" finished-at="2025-03-17T08:18:49Z" duration-ms="6073" status="PASS">
          <params>
            <param index="0">
              <value>
                <![CDATA["Search for an invalid product"]]>
              </value>
            </param>
            <param index="1">
              <value>
                <![CDATA["Optional[Search and Filtering Products]"]]>
              </value>
            </param>
          </params>
          <reporter-output>
          </reporter-output>
        </test-method> <!-- runScenario -->
        <test-method signature="runScenario(io.cucumber.testng.PickleWrapper, io.cucumber.testng.FeatureWrapper)[pri:0, instance:TestRunner@6d4e5011]" started-at="2025-03-17T08:18:49Z" name="runScenario" description="Runs Cucumber Scenarios" data-provider="scenarios" finished-at="2025-03-17T08:18:55Z" duration-ms="6303" status="PASS">
          <params>
            <param index="0">
              <value>
                <![CDATA["Search for an invalid product"]]>
              </value>
            </param>
            <param index="1">
              <value>
                <![CDATA["Optional[Search and Filtering Products]"]]>
              </value>
            </param>
          </params>
          <reporter-output>
          </reporter-output>
        </test-method> <!-- runScenario -->
        <test-method signature="runScenario(io.cucumber.testng.PickleWrapper, io.cucumber.testng.FeatureWrapper)[pri:0, instance:TestRunner@6d4e5011]" started-at="2025-03-17T08:18:55Z" name="runScenario" description="Runs Cucumber Scenarios" data-provider="scenarios" finished-at="2025-03-17T08:19:03Z" duration-ms="7461" status="PASS">
          <params>
            <param index="0">
              <value>
                <![CDATA["Search with sorting options"]]>
              </value>
            </param>
            <param index="1">
              <value>
                <![CDATA["Optional[Search and Filtering Products]"]]>
              </value>
            </param>
          </params>
          <reporter-output>
          </reporter-output>
        </test-method> <!-- runScenario -->
        <test-method signature="runScenario(io.cucumber.testng.PickleWrapper, io.cucumber.testng.FeatureWrapper)[pri:0, instance:TestRunner@6d4e5011]" started-at="2025-03-17T08:19:03Z" name="runScenario" description="Runs Cucumber Scenarios" data-provider="scenarios" finished-at="2025-03-17T08:19:09Z" duration-ms="6811" status="PASS">
          <params>
            <param index="0">
              <value>
                <![CDATA["Search with sorting options"]]>
              </value>
            </param>
            <param index="1">
              <value>
                <![CDATA["Optional[Search and Filtering Products]"]]>
              </value>
            </param>
          </params>
          <reporter-output>
          </reporter-output>
        </test-method> <!-- runScenario -->
        <test-method signature="runScenario(io.cucumber.testng.PickleWrapper, io.cucumber.testng.FeatureWrapper)[pri:0, instance:TestRunner@6d4e5011]" started-at="2025-03-17T08:19:09Z" name="runScenario" description="Runs Cucumber Scenarios" data-provider="scenarios" finished-at="2025-03-17T08:19:16Z" duration-ms="6948" status="PASS">
          <params>
            <param index="0">
              <value>
                <![CDATA["Search with sorting options"]]>
              </value>
            </param>
            <param index="1">
              <value>
                <![CDATA["Optional[Search and Filtering Products]"]]>
              </value>
            </param>
          </params>
          <reporter-output>
          </reporter-output>
        </test-method> <!-- runScenario -->
        <test-method signature="runScenario(io.cucumber.testng.PickleWrapper, io.cucumber.testng.FeatureWrapper)[pri:0, instance:TestRunner@6d4e5011]" started-at="2025-03-17T08:19:16Z" name="runScenario" description="Runs Cucumber Scenarios" data-provider="scenarios" finished-at="2025-03-17T08:19:23Z" duration-ms="7016" status="PASS">
          <params>
            <param index="0">
              <value>
                <![CDATA["Search with display options"]]>
              </value>
            </param>
            <param index="1">
              <value>
                <![CDATA["Optional[Search and Filtering Products]"]]>
              </value>
            </param>
          </params>
          <reporter-output>
          </reporter-output>
        </test-method> <!-- runScenario -->
        <test-method signature="runScenario(io.cucumber.testng.PickleWrapper, io.cucumber.testng.FeatureWrapper)[pri:0, instance:TestRunner@6d4e5011]" started-at="2025-03-17T08:19:23Z" name="runScenario" description="Runs Cucumber Scenarios" data-provider="scenarios" finished-at="2025-03-17T08:19:31Z" duration-ms="7893" status="PASS">
          <params>
            <param index="0">
              <value>
                <![CDATA["Search with display options"]]>
              </value>
            </param>
            <param index="1">
              <value>
                <![CDATA["Optional[Search and Filtering Products]"]]>
              </value>
            </param>
          </params>
          <reporter-output>
          </reporter-output>
        </test-method> <!-- runScenario -->
        <test-method signature="runScenario(io.cucumber.testng.PickleWrapper, io.cucumber.testng.FeatureWrapper)[pri:0, instance:TestRunner@6d4e5011]" started-at="2025-03-17T08:19:31Z" name="runScenario" description="Runs Cucumber Scenarios" data-provider="scenarios" finished-at="2025-03-17T08:19:44Z" duration-ms="13208" status="PASS">
          <params>
            <param index="0">
              <value>
                <![CDATA["Advanced search with subcategories"]]>
              </value>
            </param>
            <param index="1">
              <value>
                <![CDATA["Optional[Search and Filtering Products]"]]>
              </value>
            </param>
          </params>
          <reporter-output>
          </reporter-output>
        </test-method> <!-- runScenario -->
        <test-method signature="runScenario(io.cucumber.testng.PickleWrapper, io.cucumber.testng.FeatureWrapper)[pri:0, instance:TestRunner@6d4e5011]" started-at="2025-03-17T08:19:44Z" name="runScenario" description="Runs Cucumber Scenarios" data-provider="scenarios" finished-at="2025-03-17T08:19:56Z" duration-ms="12009" status="PASS">
          <params>
            <param index="0">
              <value>
                <![CDATA["Advanced search with subcategories"]]>
              </value>
            </param>
            <param index="1">
              <value>
                <![CDATA["Optional[Search and Filtering Products]"]]>
              </value>
            </param>
          </params>
          <reporter-output>
          </reporter-output>
        </test-method> <!-- runScenario -->
        <test-method signature="runScenario(io.cucumber.testng.PickleWrapper, io.cucumber.testng.FeatureWrapper)[pri:0, instance:TestRunner@6d4e5011]" started-at="2025-03-17T08:19:56Z" name="runScenario" description="Runs Cucumber Scenarios" data-provider="scenarios" finished-at="2025-03-17T08:20:04Z" duration-ms="7523" status="PASS">
          <params>
            <param index="0">
              <value>
                <![CDATA["View shopping cart"]]>
              </value>
            </param>
            <param index="1">
              <value>
                <![CDATA["Optional[Shopping Cart Functionality]"]]>
              </value>
            </param>
          </params>
          <reporter-output>
          </reporter-output>
        </test-method> <!-- runScenario -->
        <test-method signature="runScenario(io.cucumber.testng.PickleWrapper, io.cucumber.testng.FeatureWrapper)[pri:0, instance:TestRunner@6d4e5011]" started-at="2025-03-17T08:20:04Z" name="runScenario" description="Runs Cucumber Scenarios" data-provider="scenarios" finished-at="2025-03-17T08:20:17Z" duration-ms="12734" status="PASS">
          <params>
            <param index="0">
              <value>
                <![CDATA["Remove a product from the shopping cart"]]>
              </value>
            </param>
            <param index="1">
              <value>
                <![CDATA["Optional[Shopping Cart Functionality]"]]>
              </value>
            </param>
          </params>
          <reporter-output>
          </reporter-output>
        </test-method> <!-- runScenario -->
        <test-method signature="runScenario(io.cucumber.testng.PickleWrapper, io.cucumber.testng.FeatureWrapper)[pri:0, instance:TestRunner@6d4e5011]" started-at="2025-03-17T08:20:17Z" name="runScenario" description="Runs Cucumber Scenarios" data-provider="scenarios" finished-at="2025-03-17T08:20:30Z" duration-ms="12793" status="PASS">
          <params>
            <param index="0">
              <value>
                <![CDATA["Update product quantity in the cart"]]>
              </value>
            </param>
            <param index="1">
              <value>
                <![CDATA["Optional[Shopping Cart Functionality]"]]>
              </value>
            </param>
          </params>
          <reporter-output>
          </reporter-output>
        </test-method> <!-- runScenario -->
        <test-method signature="runScenario(io.cucumber.testng.PickleWrapper, io.cucumber.testng.FeatureWrapper)[pri:0, instance:TestRunner@6d4e5011]" started-at="2025-03-17T08:20:30Z" name="runScenario" description="Runs Cucumber Scenarios" data-provider="scenarios" finished-at="2025-03-17T08:20:42Z" duration-ms="12680" status="PASS">
          <params>
            <param index="0">
              <value>
                <![CDATA["Proceed to checkout"]]>
              </value>
            </param>
            <param index="1">
              <value>
                <![CDATA["Optional[Shopping Cart Functionality]"]]>
              </value>
            </param>
          </params>
          <reporter-output>
          </reporter-output>
        </test-method> <!-- runScenario -->
        <test-method is-config="true" signature="tearDown()[pri:0, instance:TestRunner@6d4e5011]" started-at="2025-03-17T08:20:42Z" name="tearDown" finished-at="2025-03-17T08:20:42Z" duration-ms="53" status="PASS">
          <reporter-output>
          </reporter-output>
        </test-method> <!-- tearDown -->
        <test-method is-config="true" signature="tearDownClass()[pri:0, instance:TestRunner@6d4e5011]" started-at="2025-03-17T08:20:42Z" name="tearDownClass" finished-at="2025-03-17T08:20:42Z" duration-ms="39" status="PASS">
          <reporter-output>
          </reporter-output>
        </test-method> <!-- tearDownClass -->
      </class> <!-- TestRunner -->
    </test> <!-- Test -->
  </suite> <!-- Suite -->
</testng-results>
