<?xml version="1.0" encoding="UTF-8"?>
<testng-results total="0" passed="0" failed="0" skipped="0">
  <reporter-output>
  </reporter-output>
  <suite started-at="2025-03-17T15:03:38Z" name="Suite" finished-at="2025-03-17T15:03:38Z" duration-ms="386">
    <groups>
      <group name="cucumber">
        <method signature="AbstractTestNGCucumberTests.runScenario(io.cucumber.testng.PickleWrapper, io.cucumber.testng.FeatureWrapper)[pri:0, instance:TestRunner@4a668b6e]" name="runScenario" class="io.cucumber.testng.AbstractTestNGCucumberTests"/>
      </group> <!-- cucumber -->
    </groups>
    <test started-at="2025-03-17T15:03:38Z" name="Test" finished-at="2025-03-17T15:03:38Z" duration-ms="386">
      <class name="TestRunner">
        <test-method is-config="true" signature="setUpClass()[pri:0, instance:TestRunner@4a668b6e]" started-at="2025-03-17T08:03:38Z" name="setUpClass" finished-at="2025-03-17T08:03:38Z" duration-ms="0" status="FAIL">
          <exception class="java.lang.IllegalArgumentException">
            <message>
              <![CDATA[Invalid tag expression at 'TestRunner']]>
            </message>
            <full-stacktrace>
              <![CDATA[java.lang.IllegalArgumentException: Invalid tag expression at 'TestRunner'
	at io.cucumber.core.options.CucumberOptionsAnnotationParser.addTags(CucumberOptionsAnnotationParser.java:78)
	at io.cucumber.core.options.CucumberOptionsAnnotationParser.parse(CucumberOptionsAnnotationParser.java:40)
	at io.cucumber.testng.TestNGCucumberRunner.<init>(TestNGCucumberRunner.java:73)
	at io.cucumber.testng.AbstractTestNGCucumberTests.setUpClass(AbstractTestNGCucumberTests.java:23)
	at java.base/jdk.internal.reflect.DirectMethodHandleAccessor.invoke(DirectMethodHandleAccessor.java:103)
	at java.base/java.lang.reflect.Method.invoke(Method.java:580)
	at org.testng.internal.MethodInvocationHelper.invokeMethod(MethodInvocationHelper.java:85)
	at org.testng.internal.Invoker.invokeConfigurationMethod(Invoker.java:521)
	at org.testng.internal.Invoker.invokeConfigurations(Invoker.java:213)
	at org.testng.internal.Invoker.invokeConfigurations(Invoker.java:140)
	at org.testng.internal.TestMethodWorker.invokeBeforeClassMethods(TestMethodWorker.java:170)
	at org.testng.internal.TestMethodWorker.run(TestMethodWorker.java:104)
	at org.testng.TestRunner.privateRun(TestRunner.java:771)
	at org.testng.TestRunner.run(TestRunner.java:621)
	at org.testng.SuiteRunner.runTest(SuiteRunner.java:357)
	at org.testng.SuiteRunner.runSequentially(SuiteRunner.java:352)
	at org.testng.SuiteRunner.privateRun(SuiteRunner.java:310)
	at org.testng.SuiteRunner.run(SuiteRunner.java:259)
	at org.testng.SuiteRunnerWorker.runSuite(SuiteRunnerWorker.java:52)
	at org.testng.SuiteRunnerWorker.run(SuiteRunnerWorker.java:86)
	at org.testng.TestNG.runSuitesSequentially(TestNG.java:1200)
	at org.testng.TestNG.runSuitesLocally(TestNG.java:1125)
	at org.testng.TestNG.run(TestNG.java:1033)
	at org.testng.remote.RemoteTestNG.run(RemoteTestNG.java:111)
	at org.testng.remote.RemoteTestNG.initAndRun(RemoteTestNG.java:204)
	at org.testng.remote.RemoteTestNG.main(RemoteTestNG.java:175)
Caused by: io.cucumber.tagexpressions.TagExpressionException: Tag expression '@register, @login, @search, @homepage, @product, @cart, @order' could not be parsed because of syntax error: expected operator
	at io.cucumber.tagexpressions.TagExpressionParser.check(TagExpressionParser.java:136)
	at io.cucumber.tagexpressions.TagExpressionParser.parse(TagExpressionParser.java:74)
	at io.cucumber.tagexpressions.TagExpressionParser.parse(TagExpressionParser.java:27)
	at io.cucumber.core.options.CucumberOptionsAnnotationParser.addTags(CucumberOptionsAnnotationParser.java:76)
	... 25 more
]]>
            </full-stacktrace>
          </exception> <!-- java.lang.IllegalArgumentException -->
          <reporter-output>
          </reporter-output>
        </test-method> <!-- setUpClass -->
        <test-method is-config="true" signature="setup()[pri:0, instance:TestRunner@4a668b6e]" started-at="2025-03-17T08:03:38Z" name="setup" finished-at="2025-03-17T08:03:38Z" duration-ms="0" status="SKIP">
          <reporter-output>
          </reporter-output>
        </test-method> <!-- setup -->
        <test-method is-config="true" signature="tearDown()[pri:0, instance:TestRunner@4a668b6e]" started-at="2025-03-17T08:03:38Z" name="tearDown" finished-at="2025-03-17T08:03:38Z" duration-ms="0" status="SKIP">
          <reporter-output>
          </reporter-output>
        </test-method> <!-- tearDown -->
        <test-method is-config="true" signature="tearDownClass()[pri:0, instance:TestRunner@4a668b6e]" started-at="2025-03-17T08:03:38Z" name="tearDownClass" finished-at="2025-03-17T08:03:38Z" duration-ms="7" status="PASS">
          <reporter-output>
          </reporter-output>
        </test-method> <!-- tearDownClass -->
      </class> <!-- TestRunner -->
    </test> <!-- Test -->
  </suite> <!-- Suite -->
</testng-results>
